0 info it worked if it ends with ok
1 verbose cli [ 'C:\\Program Files\\nodejs\\node.exe',
1 verbose cli   'C:\\Program Files\\nodejs\\node_modules\\npm\\bin\\npm-cli.js',
1 verbose cli   'start' ]
2 info using npm@3.6.0
3 info using node@v5.6.0
4 verbose run-script [ 'prestart', 'start', 'poststart' ]
5 info lifecycle stream-1-project@1.0.0~prestart: stream-1-project@1.0.0
6 silly lifecycle stream-1-project@1.0.0~prestart: no script for prestart, continuing
7 info lifecycle stream-1-project@1.0.0~start: stream-1-project@1.0.0
8 verbose lifecycle stream-1-project@1.0.0~start: unsafe-perm in lifecycle true
9 verbose lifecycle stream-1-project@1.0.0~start: PATH: C:\Users\Daniel\AppData\Roaming\nvm\v5.6.0\node_modules\npm\bin\node-gyp-bin;D:\Github\code-institute-stream-1-project\node_modules\.bin;C:\Users\Daniel\bin;C:\Program Files\Git\mingw64\bin;C:\Program Files\Git\usr\local\bin;C:\Program Files\Git\usr\bin;C:\Program Files\Git\usr\bin;C:\Program Files\Git\mingw64\bin;C:\Program Files\Git\usr\bin;C:\Users\Daniel\bin;C:\Python27;C:\Python27\Scripts;C:\Python34;C:\Python34\Scripts;C:\Program Files (x86)\NVIDIA Corporation\PhysX\Common;C:\Windows\system32;C:\Windows;C:\Windows\System32\Wbem;C:\Windows\System32\WindowsPowerShell\v1.0;C:\Program Files\Git\cmd;C:\Program Files (x86)\Brackets\command;C:\Users\Daniel\.dnx\bin;C:\Program Files\Microsoft DNX\Dnvm;C:\Program Files (x86)\MySQL\MySQL Fabric 1.5 & MySQL Utilities 1.5;C:\Program Files (x86)\MySQL\MySQL Fabric 1.5 & MySQL Utilities 1.5\Doctrine extensions for PHP;C:\Program Files (x86)\Microsoft Visual Studio 14.0\VC\bin;C:\Users\Daniel\AppData\Roaming\nvm;C:\Program Files\nodejs;C:\Users\Daniel\AppData\Roaming\npm;C:\Program Files\nodejs;C:\Program Files\MongoDB\Server\3.2\bin;C:\Ruby22-x64\bin;C:\Program Files\Git\usr\bin\vendor_perl;C:\Program Files\Git\usr\bin\core_perl
10 verbose lifecycle stream-1-project@1.0.0~start: CWD: D:\Github\code-institute-stream-1-project
11 silly lifecycle stream-1-project@1.0.0~start: Args: [ '/d /s /c', 'gulp' ]
12 silly lifecycle stream-1-project@1.0.0~start: Returned: code: 1  signal: null
13 info lifecycle stream-1-project@1.0.0~start: Failed to exec start script
14 verbose stack Error: stream-1-project@1.0.0 start: `gulp`
14 verbose stack Exit status 1
14 verbose stack     at EventEmitter.<anonymous> (C:\Users\Daniel\AppData\Roaming\nvm\v5.6.0\node_modules\npm\lib\utils\lifecycle.js:232:16)
14 verbose stack     at emitTwo (events.js:100:13)
14 verbose stack     at EventEmitter.emit (events.js:185:7)
14 verbose stack     at ChildProcess.<anonymous> (C:\Users\Daniel\AppData\Roaming\nvm\v5.6.0\node_modules\npm\lib\utils\spawn.js:24:14)
14 verbose stack     at emitTwo (events.js:100:13)
14 verbose stack     at ChildProcess.emit (events.js:185:7)
14 verbose stack     at maybeClose (internal/child_process.js:827:16)
14 verbose stack     at Process.ChildProcess._handle.onexit (internal/child_process.js:211:5)
15 verbose pkgid stream-1-project@1.0.0
16 verbose cwd D:\Github\code-institute-stream-1-project
17 error Windows_NT 10.0.10586
18 error argv "C:\\Program Files\\nodejs\\node.exe" "C:\\Program Files\\nodejs\\node_modules\\npm\\bin\\npm-cli.js" "start"
19 error node v5.6.0
20 error npm  v3.6.0
21 error code ELIFECYCLE
22 error stream-1-project@1.0.0 start: `gulp`
22 error Exit status 1
23 error Failed at the stream-1-project@1.0.0 start script 'gulp'.
23 error Make sure you have the latest version of node.js and npm installed.
23 error If you do, this is most likely a problem with the stream-1-project package,
23 error not with npm itself.
23 error Tell the author that this fails on your system:
23 error     gulp
23 error You can get information on how to open an issue for this project with:
23 error     npm bugs stream-1-project
23 error Or if that isn't available, you can get their info via:
23 error     npm owner ls stream-1-project
23 error There is likely additional logging output above.
24 verbose exit [ 1, true ]
